<?xml version="1.0" encoding="UTF-8"?>
<!-- Generated by org.testng.reporters.JUnitXMLReporter -->
<testsuite ignored="0" hostname="DESKTOP-4DAF53H" failures="0" tests="4" name="Default test" time="12.151" errors="0" timestamp="2025-05-30T18:11:53 IST">
  <testcase classname="tests.ProductPageTest" name="productInfoTest" time="1.968"/>
  <testcase classname="tests.ProductPageTest" name="productInfoTest" time="1.566"/>
  <testcase classname="tests.ProductPageTest" name="productInfoTest" time="1.515"/>
  <testcase classname="tests.ProductPageTest" name="productInfoTest" time="1.564"/>
</testsuite> <!-- Default test -->
