<?xml version="1.0" encoding="UTF-8"?>
<!-- Generated by org.testng.reporters.JUnitXMLReporter -->
<testsuite ignored="0" hostname="DESKTOP-4DAF53H" failures="0" tests="4" name="Test" time="17.235" errors="0" timestamp="2025-05-30T19:02:00 IST">
  <testcase classname="tests.ProductPageTest" name="productInfoTest" time="2.945"/>
  <testcase classname="tests.ProductPageTest" name="productInfoTest" time="1.667"/>
  <testcase classname="tests.ProductPageTest" name="productInfoTest" time="2.513"/>
  <testcase classname="tests.ProductPageTest" name="productInfoTest" time="2.482"/>
</testsuite> <!-- Test -->
